c:\users\deathstone\desktop\project03\ai_project2_balls_chasing\physics2_project3_balls_chasing\firstopengl\debug\vc141.pdb
c:\users\deathstone\desktop\project03\ai_project2_balls_chasing\physics2_project3_balls_chasing\firstopengl\debug\vc141.idb
c:\users\deathstone\desktop\project03\ai_project2_balls_chasing\physics2_project3_balls_chasing\firstopengl\debug\cgameobject.obj
c:\users\deathstone\desktop\project03\ai_project2_balls_chasing\physics2_project3_balls_chasing\firstopengl\debug\cmesh.obj
c:\users\deathstone\desktop\project03\ai_project2_balls_chasing\physics2_project3_balls_chasing\firstopengl\debug\cshader.obj
c:\users\deathstone\desktop\project03\ai_project2_balls_chasing\physics2_project3_balls_chasing\firstopengl\debug\cshadermanager.obj
c:\users\deathstone\desktop\project03\ai_project2_balls_chasing\physics2_project3_balls_chasing\firstopengl\debug\ctriangle.obj
c:\users\deathstone\desktop\project03\ai_project2_balls_chasing\physics2_project3_balls_chasing\firstopengl\debug\cvaomeshmanager.obj
c:\users\deathstone\desktop\project03\ai_project2_balls_chasing\physics2_project3_balls_chasing\firstopengl\debug\cvertex_xyz_rgb.obj
c:\users\deathstone\desktop\project03\ai_project2_balls_chasing\physics2_project3_balls_chasing\firstopengl\debug\themain.obj
c:\users\deathstone\desktop\project03\ai_project2_balls_chasing\physics2_project3_balls_chasing\firstopengl\debug\utilities.obj
c:\users\deathstone\desktop\project03\ai_project2_balls_chasing\physics2_project3_balls_chasing\firstopengl\debug\modelutilities.obj
c:\users\deathstone\desktop\project03\ai_project2_balls_chasing\physics2_project3_balls_chasing\firstopengl\debug\glad.obj
c:\users\deathstone\desktop\project03\ai_project2_balls_chasing\physics2_project3_balls_chasing\debug\firstopengl.exe
c:\users\deathstone\desktop\project03\ai_project2_balls_chasing\physics2_project3_balls_chasing\debug\firstopengl.ilk
c:\users\deathstone\desktop\project03\ai_project2_balls_chasing\physics2_project3_balls_chasing\debug\firstopengl.pdb
c:\users\deathstone\desktop\project03\ai_project2_balls_chasing\physics2_project3_balls_chasing\firstopengl\debug\firstopengl.tlog\cl.command.1.tlog
c:\users\deathstone\desktop\project03\ai_project2_balls_chasing\physics2_project3_balls_chasing\firstopengl\debug\firstopengl.tlog\cl.read.1.tlog
c:\users\deathstone\desktop\project03\ai_project2_balls_chasing\physics2_project3_balls_chasing\firstopengl\debug\firstopengl.tlog\cl.write.1.tlog
c:\users\deathstone\desktop\project03\ai_project2_balls_chasing\physics2_project3_balls_chasing\firstopengl\debug\firstopengl.tlog\link.command.1.tlog
c:\users\deathstone\desktop\project03\ai_project2_balls_chasing\physics2_project3_balls_chasing\firstopengl\debug\firstopengl.tlog\link.read.1.tlog
c:\users\deathstone\desktop\project03\ai_project2_balls_chasing\physics2_project3_balls_chasing\firstopengl\debug\firstopengl.tlog\link.write.1.tlog
